#
# A fatal error has been detected by the Java Runtime Environment:
#
#  SIGSEGV (0xb) at pc=0xf6e04d06, pid=11516, tid=2800917312
#
# JRE version: Java(TM) SE Runtime Environment (8.0_60-b27) (build 1.8.0_60-b27)
# Java VM: Java HotSpot(TM) Server VM (25.60-b23 mixed mode linux-x86 )
# Problematic frame:
# V  [libjvm.so+0x6e9d06]  Method::checked_resolve_jmethod_id(_jmethodID*)+0x26
#
# Failed to write core dump. Core dumps have been disabled. To enable core dumping, try "ulimit -c unlimited" before starting Java again
#
# If you would like to submit a bug report, please visit:
#   http://bugreport.java.com/bugreport/crash.jsp
#

---------------  T H R E A D  ---------------

Current thread (0xa9a3a800):  JavaThread "JDWP Transport Listener: dt_socket" daemon [_thread_in_vm, id=11531, stack(0xa6ed9000,0xa6f2a000)]

siginfo: si_signo: 11 (SIGSEGV), si_code: 1 (SEGV_MAPERR), si_addr: 0x00000003

Registers:
EAX=0x0885a000, EBX=0x00000003, ECX=0x00000000, EDX=0xf65028a8
ESP=0xa6f28e54, EBP=0xa6f28e68, ESI=0xa6f28e8c, EDI=0x0885a000
EIP=0xf6e04d06, EFLAGS=0x00010292, CR2=0x00000003

Top of Stack: (sp=0xa6f28e54)
0xa6f28e54:   f70eb22c 00000000 f70eb22c a6f28e8c
0xa6f28e64:   f70eb22c a6f28ea8 f6cbebac 0885a000
0xa6f28e74:   a9a3a800 a9a3a800 a9a3a800 0885a090
0xa6f28e84:   a9a3a800 00000063 a9a3a800 00000000
0xa6f28e94:   00000000 00000000 f6655170 f6655ac0
0xa6f28ea4:   a6f28f0b a6f28ec8 f6646718 f65028a8
0xa6f28eb4:   0885a000 a6f28f0b f6655170 0885a000
0xa6f28ec4:   00000003 a6f28f18 f66247ca 0885a000 

Instructions: (pc=0xf6e04d06)
0xf6e04ce6:   04 8b 45 08 85 c0 75 0a 31 db 89 d8 8b 5d fc c9
0xf6e04cf6:   c3 90 8b 18 85 db 74 f0 83 fb 37 74 eb 83 ec 0c
0xf6e04d06:   8b 03 53 ff 50 08 83 c4 10 84 c0 75 dd eb d9 90
0xf6e04d16:   8d 76 00 8d bc 27 00 00 00 00 55 89 e5 8b 45 08 

Register to memory mapping:

EAX=0x0885a000 is an unknown value
EBX=0x00000003 is an unknown value
ECX=0x00000000 is an unknown value
EDX=0xf65028a8 is an unknown value
ESP=0xa6f28e54 is pointing into the stack for thread: 0xa9a3a800
EBP=0xa6f28e68 is pointing into the stack for thread: 0xa9a3a800
ESI=0xa6f28e8c is pointing into the stack for thread: 0xa9a3a800
EDI=0x0885a000 is an unknown value


Stack: [0xa6ed9000,0xa6f2a000],  sp=0xa6f28e54,  free space=319k
Native frames: (J=compiled Java code, j=interpreted, Vv=VM code, C=native code)
V  [libjvm.so+0x6e9d06]  Method::checked_resolve_jmethod_id(_jmethodID*)+0x26
V  [libjvm.so+0x5a3bac]  jvmti_IsMethodSynthetic+0x29c
C  [libjdwp.so+0x28718]  isMethodSynthetic+0x48
C  [libjdwp.so+0x67ca]  methods1+0x1ba
C  [libjdwp.so+0x128f3]  debugLoop_run+0x303
C  [libjdwp.so+0x274df]  connectionInitiated+0xbf
C  [libjdwp.so+0x27520]  attachThread+0x30
V  [libjvm.so+0x605e01]  JvmtiAgentThread::call_start_function()+0xc1
V  [libjvm.so+0x880ae9]  JavaThread::thread_main_inner()+0x109
V  [libjvm.so+0x880c6b]  JavaThread::run()+0x14b
V  [libjvm.so+0x753469]  java_start(Thread*)+0x119
C  [libpthread.so.0+0x6f70]  start_thread+0xd0
C  [libc.so.6+0xebbee]  clone+0x5e


---------------  P R O C E S S  ---------------

Java Threads: ( => current thread )
  0xa9a81400 JavaThread "Service Thread" daemon [_thread_blocked, id=11543, stack(0xa6ce4000,0xa6d35000)]
  0xa9a41800 JavaThread "C1 CompilerThread1" daemon [_thread_blocked, id=11542, stack(0xa6d35000,0xa6db6000)]
  0xa9a3f800 JavaThread "C2 CompilerThread0" daemon [_thread_blocked, id=11540, stack(0xa6db6000,0xa6e37000)]
  0x08853000 JavaThread "JDWP Command Reader" daemon [_thread_in_native, id=11535, stack(0xa6e37000,0xa6e88000)]
  0xa9a3e000 JavaThread "JDWP Event Helper Thread" daemon [_thread_blocked, id=11534, stack(0xa6e88000,0xa6ed9000)]
=>0xa9a3a800 JavaThread "JDWP Transport Listener: dt_socket" daemon [_thread_in_vm, id=11531, stack(0xa6ed9000,0xa6f2a000)]
  0xa9a32000 JavaThread "Signal Dispatcher" daemon [_thread_blocked, id=11528, stack(0xa6f2a000,0xa6f7b000)]
  0xa9a15800 JavaThread "Finalizer" daemon [_thread_blocked, id=11526, stack(0xa6f7b000,0xa6fcc000)]
  0xa9a14000 JavaThread "Reference Handler" daemon [_thread_blocked, id=11525, stack(0xa6fcc000,0xa701d000)]
  0xf6509000 JavaThread "main" [_thread_blocked, id=11517, stack(0xf6684000,0xf66d5000)]

Other Threads:
  0xa9a11000 VMThread [stack: 0xa701d000,0xa709e000] [id=11523]
  0xa9a83800 WatcherThread [stack: 0xa6c63000,0xa6ce4000] [id=11544]

VM state:not at safepoint (normal execution)

VM Mutex/Monitor currently owned by a thread: None

Heap:
 PSYoungGen      total 18432K, used 1587K [0xd2980000, 0xd3e00000, 0xe6e00000)
  eden space 15872K, 10% used [0xd2980000,0xd2b0cf08,0xd3900000)
  from space 2560K, 0% used [0xd3b80000,0xd3b80000,0xd3e00000)
  to   space 2560K, 0% used [0xd3900000,0xd3900000,0xd3b80000)
 ParOldGen       total 42496K, used 0K [0xaa000000, 0xac980000, 0xd2980000)
  object space 42496K, 0% used [0xaa000000,0xaa000000,0xac980000)
 Metaspace       used 1822K, capacity 2240K, committed 2328K, reserved 4400K

Card table byte_map: [0xa9e18000,0xaa000000] byte_map_base: 0xa98c8000

Marking Bits: (ParMarkBitMap*) 0xf7119380
 Begin Bits: [0xa7a90000, 0xa89c8000)
 End Bits:   [0xa89c8000, 0xa9900000)

Polling page: 0xf7721000

CodeCache: size=245760Kb used=704Kb max_used=704Kb free=245055Kb
 bounds [0xe72b4000, 0xe74f4000, 0xf62b4000]
 total_blobs=185 nmethods=38 adapters=71
 compilation: enabled

Compilation events (10 events):
Event: 0.517 Thread 0xa9a41800   34       3       java.lang.String::<init> (82 bytes)
Event: 0.518 Thread 0xa9a41800 nmethod 34 0xe7361688 code [0xe7361820, 0xe7361bb0]
Event: 0.518 Thread 0xa9a41800   35       1       java.net.URL::getAuthority (5 bytes)
Event: 0.519 Thread 0xa9a41800 nmethod 35 0xe7361488 code [0xe7361580, 0xe7361620]
Event: 12.139 Thread 0xa9a41800   36       3       sun.misc.FDBigInteger::mult (64 bytes)
Event: 12.139 Thread 0xa9a41800 nmethod 36 0xe7360cc8 code [0xe7360de0, 0xe7361060]
Event: 12.139 Thread 0xa9a41800   37       3       sun.misc.FDBigInteger::<init> (30 bytes)
Event: 12.140 Thread 0xa9a41800 nmethod 37 0xe7363c48 code [0xe7363d60, 0xe7363ecc]
Event: 12.140 Thread 0xa9a41800   38       3       sun.misc.FDBigInteger::trimLeadingZeros (57 bytes)
Event: 12.140 Thread 0xa9a41800 nmethod 38 0xe7363fc8 code [0xe73640e0, 0xe7364320]

GC Heap History (0 events):
No events

Deoptimization events (0 events):
No events

Internal exceptions (2 events):
Event: 0.130 Thread 0xf6509000 Exception <a 'java/lang/NoSuchMethodError': Method sun.misc.Unsafe.defineClass(Ljava/lang/String;[BII)Ljava/lang/Class; name or signature does not match> (0xd2990540) thrown at [/HUDSON3/workspace/8-2-build-linux-i586/jdk8u60/4407/hotspot/src/share/vm/pri
Event: 0.130 Thread 0xf6509000 Exception <a 'java/lang/NoSuchMethodError': Method sun.misc.Unsafe.prefetchRead(Ljava/lang/Object;J)V name or signature does not match> (0xd2990810) thrown at [/HUDSON3/workspace/8-2-build-linux-i586/jdk8u60/4407/hotspot/src/share/vm/prims/jni.cpp, line 3

Events (10 events):
Event: 267.110 Executing VM operation: ChangeBreakpoints
Event: 267.110 Executing VM operation: ChangeBreakpoints done
Event: 277.476 Executing VM operation: ChangeBreakpoints
Event: 277.476 Executing VM operation: ChangeBreakpoints done
Event: 279.662 Executing VM operation: ChangeBreakpoints
Event: 279.662 Executing VM operation: ChangeBreakpoints done
Event: 291.238 Executing VM operation: ChangeBreakpoints
Event: 291.239 Executing VM operation: ChangeBreakpoints done
Event: 291.241 Executing VM operation: RedefineClasses
Event: 291.241 Executing VM operation: RedefineClasses done


Dynamic libraries:
08048000-08049000 r-xp 00000000 fc:00 4072840                            /opt/java/jdk1.8.0_60/bin/java
08049000-0804a000 rw-p 00000000 fc:00 4072840                            /opt/java/jdk1.8.0_60/bin/java
08851000-08894000 rw-p 00000000 00:00 0                                  [heap]
a69c5000-a6c18000 rw-p 00000000 00:00 0 
a6c18000-a6c1c000 r--s 00095000 fc:00 4072561                            /opt/java/jdk1.8.0_60/jre/lib/jsse.jar
a6c1c000-a6c37000 r--s 001fc000 fc:00 4072669                            /opt/java/jdk1.8.0_60/jre/lib/deploy.jar
a6c37000-a6c4a000 r--s 000d5000 fc:00 4072560                            /opt/java/jdk1.8.0_60/jre/lib/plugin.jar
a6c4a000-a6c50000 r--s 002f8000 fc:00 4072672                            /opt/java/jdk1.8.0_60/jre/lib/charsets.jar
a6c50000-a6c63000 r--s 00344000 fc:00 4072678                            /opt/java/jdk1.8.0_60/jre/lib/resources.jar
a6c63000-a6c64000 ---p 00000000 00:00 0 
a6c64000-a6ce4000 rw-p 00000000 00:00 0                                  [stack:11544]
a6ce4000-a6ce7000 ---p 00000000 00:00 0 
a6ce7000-a6d35000 rw-p 00000000 00:00 0                                  [stack:11543]
a6d35000-a6d38000 ---p 00000000 00:00 0 
a6d38000-a6db6000 rw-p 00000000 00:00 0                                  [stack:11542]
a6db6000-a6db9000 ---p 00000000 00:00 0 
a6db9000-a6e37000 rw-p 00000000 00:00 0                                  [stack:11540]
a6e37000-a6e3a000 ---p 00000000 00:00 0 
a6e3a000-a6e88000 rw-p 00000000 00:00 0                                  [stack:11535]
a6e88000-a6e8b000 ---p 00000000 00:00 0 
a6e8b000-a6ed9000 rw-p 00000000 00:00 0                                  [stack:11534]
a6ed9000-a6edc000 ---p 00000000 00:00 0 
a6edc000-a6f2a000 rw-p 00000000 00:00 0                                  [stack:11531]
a6f2a000-a6f2d000 ---p 00000000 00:00 0 
a6f2d000-a6f7b000 rw-p 00000000 00:00 0                                  [stack:11528]
a6f7b000-a6f7e000 ---p 00000000 00:00 0 
a6f7e000-a6fcc000 rw-p 00000000 00:00 0                                  [stack:11526]
a6fcc000-a6fcf000 ---p 00000000 00:00 0 
a6fcf000-a701d000 rw-p 00000000 00:00 0                                  [stack:11525]
a701d000-a701e000 ---p 00000000 00:00 0 
a701e000-a709e000 rw-p 00000000 00:00 0                                  [stack:11523]
a709e000-a7276000 r--s 03d17000 fc:00 4072692                            /opt/java/jdk1.8.0_60/jre/lib/rt.jar
a7276000-a74bc000 rw-p 00000000 00:00 0 
a74bc000-a76c2000 ---p 00000000 00:00 0 
a76c2000-a9900000 rw-p 00000000 00:00 0 
a9900000-a9921000 rw-p 00000000 00:00 0 
a9921000-a9a00000 ---p 00000000 00:00 0 
a9a00000-a9adb000 rw-p 00000000 00:00 0 
a9adb000-a9b00000 ---p 00000000 00:00 0 
a9b00000-a9b21000 rw-p 00000000 00:00 0 
a9b21000-a9c00000 ---p 00000000 00:00 0 
a9c00000-a9c03000 r--s 0001a000 fc:00 4072666                            /opt/java/jdk1.8.0_60/jre/lib/jce.jar
a9c03000-a9c52000 rw-p 00000000 00:00 0 
a9c52000-a9c53000 ---p 00000000 00:00 0 
a9c53000-a9ce8000 rw-p 00000000 00:00 0                                  [stack:11519]
a9ce8000-a9e18000 ---p 00000000 00:00 0 
a9e18000-a9e2d000 rw-p 00000000 00:00 0 
a9e2d000-a9f5c000 ---p 00000000 00:00 0 
a9f5c000-a9f67000 rw-p 00000000 00:00 0 
a9f67000-a9fff000 ---p 00000000 00:00 0 
a9fff000-ac980000 rw-p 00000000 00:00 0 
ac980000-d2980000 ---p 00000000 00:00 0 
d2980000-d3e00000 rw-p 00000000 00:00 0 
d3e00000-e6e00000 ---p 00000000 00:00 0 
e6e00000-e6e73000 rw-p 00000000 00:00 0 
e6e73000-e6e74000 ---p 00000000 00:00 0 
e6e74000-e6efd000 rw-p 00000000 00:00 0                                  [stack:11518]
e6efd000-e72b4000 ---p 00000000 00:00 0 
e72b4000-e74f4000 rwxp 00000000 00:00 0 
e74f4000-f62b4000 ---p 00000000 00:00 0 
f62b4000-f62cd000 r-xp 00000000 fc:00 4072767                            /opt/java/jdk1.8.0_60/jre/lib/i386/libzip.so
f62cd000-f62ce000 rw-p 00019000 fc:00 4072767                            /opt/java/jdk1.8.0_60/jre/lib/i386/libzip.so
f62ce000-f62d9000 r-xp 00000000 fc:00 4853719                            /lib/i386-linux-gnu/libnss_files-2.19.so
f62d9000-f62da000 r--p 0000a000 fc:00 4853719                            /lib/i386-linux-gnu/libnss_files-2.19.so
f62da000-f62db000 rw-p 0000b000 fc:00 4853719                            /lib/i386-linux-gnu/libnss_files-2.19.so
f62db000-f62e5000 r-xp 00000000 fc:00 4853666                            /lib/i386-linux-gnu/libnss_nis-2.19.so
f62e5000-f62e6000 r--p 00009000 fc:00 4853666                            /lib/i386-linux-gnu/libnss_nis-2.19.so
f62e6000-f62e7000 rw-p 0000a000 fc:00 4853666                            /lib/i386-linux-gnu/libnss_nis-2.19.so
f62e7000-f62fc000 r-xp 00000000 fc:00 4853676                            /lib/i386-linux-gnu/libnsl-2.19.so
f62fc000-f62fd000 r--p 00015000 fc:00 4853676                            /lib/i386-linux-gnu/libnsl-2.19.so
f62fd000-f62fe000 rw-p 00016000 fc:00 4853676                            /lib/i386-linux-gnu/libnsl-2.19.so
f62fe000-f6300000 rw-p 00000000 00:00 0 
f6300000-f6500000 r--p 00000000 fc:00 5380444                            /usr/lib/locale/locale-archive
f6500000-f65fa000 rw-p 00000000 00:00 0 
f65fa000-f6600000 ---p 00000000 00:00 0 
f6600000-f6601000 r--s 00000000 fc:00 4072489                            /opt/java/jdk1.8.0_60/jre/lib/management-agent.jar
f6601000-f6603000 r--s 00007000 fc:00 4072487                            /opt/java/jdk1.8.0_60/jre/lib/jfxswt.jar
f6603000-f660d000 r--s 0006b000 fc:00 4072689                            /opt/java/jdk1.8.0_60/jre/lib/javaws.jar
f660d000-f6612000 r--s 00083000 fc:00 4072664                            /opt/java/jdk1.8.0_60/jre/lib/jfr.jar
f6612000-f6615000 r-xp 00000000 fc:00 4072774                            /opt/java/jdk1.8.0_60/jre/lib/i386/libdt_socket.so
f6615000-f6616000 rw-p 00003000 fc:00 4072774                            /opt/java/jdk1.8.0_60/jre/lib/i386/libdt_socket.so
f6616000-f661e000 rw-s 00000000 fc:00 1974733                            /tmp/hsperfdata_anna/11516
f661e000-f6655000 r-xp 00000000 fc:00 4072768                            /opt/java/jdk1.8.0_60/jre/lib/i386/libjdwp.so
f6655000-f6656000 rw-p 00037000 fc:00 4072768                            /opt/java/jdk1.8.0_60/jre/lib/i386/libjdwp.so
f6656000-f667a000 r-xp 00000000 fc:00 4072736                            /opt/java/jdk1.8.0_60/jre/lib/i386/libjava.so
f667a000-f667b000 rw-p 00023000 fc:00 4072736                            /opt/java/jdk1.8.0_60/jre/lib/i386/libjava.so
f667b000-f6682000 r-xp 00000000 fc:00 4853720                            /lib/i386-linux-gnu/librt-2.19.so
f6682000-f6683000 r--p 00006000 fc:00 4853720                            /lib/i386-linux-gnu/librt-2.19.so
f6683000-f6684000 rw-p 00007000 fc:00 4853720                            /lib/i386-linux-gnu/librt-2.19.so
f6684000-f6687000 ---p 00000000 00:00 0 
f6687000-f66d5000 rw-p 00000000 00:00 0                                  [stack:11517]
f66d5000-f6719000 r-xp 00000000 fc:00 4853684                            /lib/i386-linux-gnu/libm-2.19.so
f6719000-f671a000 r--p 00043000 fc:00 4853684                            /lib/i386-linux-gnu/libm-2.19.so
f671a000-f671b000 rw-p 00044000 fc:00 4853684                            /lib/i386-linux-gnu/libm-2.19.so
f671b000-f709b000 r-xp 00000000 fc:00 4072750                            /opt/java/jdk1.8.0_60/jre/lib/i386/server/libjvm.so
f709b000-f7108000 rw-p 00980000 fc:00 4072750                            /opt/java/jdk1.8.0_60/jre/lib/i386/server/libjvm.so
f7108000-f752e000 rw-p 00000000 00:00 0 
f752e000-f76d6000 r-xp 00000000 fc:00 4849721                            /lib/i386-linux-gnu/libc-2.19.so
f76d6000-f76d8000 r--p 001a8000 fc:00 4849721                            /lib/i386-linux-gnu/libc-2.19.so
f76d8000-f76d9000 rw-p 001aa000 fc:00 4849721                            /lib/i386-linux-gnu/libc-2.19.so
f76d9000-f76dc000 rw-p 00000000 00:00 0 
f76dc000-f76df000 r-xp 00000000 fc:00 4853663                            /lib/i386-linux-gnu/libdl-2.19.so
f76df000-f76e0000 r--p 00002000 fc:00 4853663                            /lib/i386-linux-gnu/libdl-2.19.so
f76e0000-f76e1000 rw-p 00003000 fc:00 4853663                            /lib/i386-linux-gnu/libdl-2.19.so
f76e1000-f76f5000 r-xp 00000000 fc:00 4072326                            /opt/java/jdk1.8.0_60/lib/i386/jli/libjli.so
f76f5000-f76f6000 rw-p 00014000 fc:00 4072326                            /opt/java/jdk1.8.0_60/lib/i386/jli/libjli.so
f76f6000-f76f7000 rw-p 00000000 00:00 0 
f76f7000-f770f000 r-xp 00000000 fc:00 4853705                            /lib/i386-linux-gnu/libpthread-2.19.so
f770f000-f7710000 r--p 00018000 fc:00 4853705                            /lib/i386-linux-gnu/libpthread-2.19.so
f7710000-f7711000 rw-p 00019000 fc:00 4853705                            /lib/i386-linux-gnu/libpthread-2.19.so
f7711000-f7713000 rw-p 00000000 00:00 0 
f7713000-f771a000 r-xp 00000000 fc:00 4853696                            /lib/i386-linux-gnu/libnss_compat-2.19.so
f771a000-f771b000 r--p 00006000 fc:00 4853696                            /lib/i386-linux-gnu/libnss_compat-2.19.so
f771b000-f771c000 rw-p 00007000 fc:00 4853696                            /lib/i386-linux-gnu/libnss_compat-2.19.so
f771c000-f771d000 r--p 002c5000 fc:00 5380444                            /usr/lib/locale/locale-archive
f771d000-f771f000 r-xp 00000000 fc:00 4072740                            /opt/java/jdk1.8.0_60/jre/lib/i386/libnpt.so
f771f000-f7720000 rw-p 00001000 fc:00 4072740                            /opt/java/jdk1.8.0_60/jre/lib/i386/libnpt.so
f7720000-f7721000 rw-p 00000000 00:00 0 
f7721000-f7722000 r--p 00000000 00:00 0 
f7722000-f772d000 r-xp 00000000 fc:00 4072804                            /opt/java/jdk1.8.0_60/jre/lib/i386/libverify.so
f772d000-f772e000 rw-p 0000b000 fc:00 4072804                            /opt/java/jdk1.8.0_60/jre/lib/i386/libverify.so
f772e000-f7730000 rw-p 00000000 00:00 0 
f7730000-f7731000 r-xp 00000000 00:00 0                                  [vdso]
f7731000-f7751000 r-xp 00000000 fc:00 4853664                            /lib/i386-linux-gnu/ld-2.19.so
f7751000-f7752000 r--p 0001f000 fc:00 4853664                            /lib/i386-linux-gnu/ld-2.19.so
f7752000-f7753000 rw-p 00020000 fc:00 4853664                            /lib/i386-linux-gnu/ld-2.19.so
ffd9d000-ffd9e000 rwxp 00000000 00:00 0 
ffdd0000-ffdf1000 rw-p 00000000 00:00 0                                  [stack]

VM Arguments:
jvm_args: -agentlib:jdwp=transport=dt_socket,address=127.0.0.1:45373,suspend=y,server=n -Dfile.encoding=UTF-8 
java_command: com.amdudda.Lakes
java_class_path (initial): /opt/java/jdk1.8.0_60/jre/lib/jfr.jar:/opt/java/jdk1.8.0_60/jre/lib/javaws.jar:/opt/java/jdk1.8.0_60/jre/lib/jfxswt.jar:/opt/java/jdk1.8.0_60/jre/lib/resources.jar:/opt/java/jdk1.8.0_60/jre/lib/charsets.jar:/opt/java/jdk1.8.0_60/jre/lib/plugin.jar:/opt/java/jdk1.8.0_60/jre/lib/deploy.jar:/opt/java/jdk1.8.0_60/jre/lib/jsse.jar:/opt/java/jdk1.8.0_60/jre/lib/rt.jar:/opt/java/jdk1.8.0_60/jre/lib/management-agent.jar:/opt/java/jdk1.8.0_60/jre/lib/jce.jar:/opt/java/jdk1.8.0_60/jre/lib/ext/localedata.jar:/opt/java/jdk1.8.0_60/jre/lib/ext/nashorn.jar:/opt/java/jdk1.8.0_60/jre/lib/ext/sunpkcs11.jar:/opt/java/jdk1.8.0_60/jre/lib/ext/zipfs.jar:/opt/java/jdk1.8.0_60/jre/lib/ext/jaccess.jar:/opt/java/jdk1.8.0_60/jre/lib/ext/dnsns.jar:/opt/java/jdk1.8.0_60/jre/lib/ext/cldrdata.jar:/opt/java/jdk1.8.0_60/jre/lib/ext/jfxrt.jar:/opt/java/jdk1.8.0_60/jre/lib/ext/sunec.jar:/opt/java/jdk1.8.0_60/jre/lib/ext/sunjce_provider.jar:/media/anna/Lexar USB/MCTC/ITEC 2545.01 Java/Assignment 4/lakes/out/production/lakes:/opt/IntelliJ/lib/idea_rt.jar
Launcher Type: SUN_STANDARD

Environment Variables:
JAVA_HOME=/usr/lib/jvm/java-8-oracle
PATH=/usr/local/sbin:/usr/local/bin:/usr/sbin:/usr/bin:/sbin:/bin:/usr/games:/usr/local/games:/opt/idea-IU-141.1532.4/bin:/usr/lib/jvm/java-8-oracle/bin:/usr/lib/jvm/java-8-oracle/db/bin:/usr/lib/jvm/java-8-oracle/jre/bin
USERNAME=anna
LD_LIBRARY_PATH=/opt/IntelliJ/bin:
SHELL=/bin/bash
DISPLAY=:0.0

Signal Handlers:
SIGSEGV: [libjvm.so+0x8cdb80], sa_mask[0]=11111111011111111101111111111110, sa_flags=SA_RESTART|SA_SIGINFO
SIGBUS: [libjvm.so+0x8cdb80], sa_mask[0]=11111111011111111101111111111110, sa_flags=SA_RESTART|SA_SIGINFO
SIGFPE: [libjvm.so+0x74db00], sa_mask[0]=11111111011111111101111111111110, sa_flags=SA_RESTART|SA_SIGINFO
SIGPIPE: [libjvm.so+0x74db00], sa_mask[0]=11111111011111111101111111111110, sa_flags=SA_RESTART|SA_SIGINFO
SIGXFSZ: [libjvm.so+0x74db00], sa_mask[0]=11111111011111111101111111111110, sa_flags=SA_RESTART|SA_SIGINFO
SIGILL: [libjvm.so+0x74db00], sa_mask[0]=11111111011111111101111111111110, sa_flags=SA_RESTART|SA_SIGINFO
SIGUSR1: SIG_DFL, sa_mask[0]=00000000000000000000000000000000, sa_flags=none
SIGUSR2: [libjvm.so+0x74f180], sa_mask[0]=00100000000000000000000000000000, sa_flags=SA_RESTART|SA_SIGINFO
SIGHUP: [libjvm.so+0x750630], sa_mask[0]=11111111011111111101111111111110, sa_flags=SA_RESTART|SA_SIGINFO
SIGINT: [libjvm.so+0x750630], sa_mask[0]=11111111011111111101111111111110, sa_flags=SA_RESTART|SA_SIGINFO
SIGTERM: [libjvm.so+0x750630], sa_mask[0]=11111111011111111101111111111110, sa_flags=SA_RESTART|SA_SIGINFO
SIGQUIT: [libjvm.so+0x750630], sa_mask[0]=11111111011111111101111111111110, sa_flags=SA_RESTART|SA_SIGINFO


---------------  S Y S T E M  ---------------

OS:DISTRIB_ID=LinuxMint
DISTRIB_RELEASE=17
DISTRIB_CODENAME=qiana
DISTRIB_DESCRIPTION="Linux Mint 17 Qiana"

uname:Linux 3.13.0-24-generic #47-Ubuntu SMP Fri May 2 23:30:00 UTC 2014 x86_64
libc:glibc 2.19 NPTL 2.19 
rlimit: STACK 8192k, CORE 0k, NPROC 30862, NOFILE 4096, AS infinity
load average:0.39 0.31 0.55

/proc/meminfo:
MemTotal:        3981484 kB
MemFree:          407456 kB
Buffers:          160148 kB
Cached:          1713196 kB
SwapCached:            0 kB
Active:          2126724 kB
Inactive:        1169900 kB
Active(anon):    1225948 kB
Inactive(anon):   216096 kB
Active(file):     900776 kB
Inactive(file):   953804 kB
Unevictable:           0 kB
Mlocked:               0 kB
SwapTotal:       4128764 kB
SwapFree:        4128692 kB
Dirty:               916 kB
Writeback:             0 kB
AnonPages:       1423432 kB
Mapped:           169472 kB
Shmem:             18764 kB
Slab:             162164 kB
SReclaimable:     132504 kB
SUnreclaim:        29660 kB
KernelStack:        3488 kB
PageTables:        20104 kB
NFS_Unstable:          0 kB
Bounce:                0 kB
WritebackTmp:          0 kB
CommitLimit:     6119504 kB
Committed_AS:    3105112 kB
VmallocTotal:   34359738367 kB
VmallocUsed:      136004 kB
VmallocChunk:   34359568788 kB
HardwareCorrupted:     0 kB
AnonHugePages:    397312 kB
HugePages_Total:       0
HugePages_Free:        0
HugePages_Rsvd:        0
HugePages_Surp:        0
Hugepagesize:       2048 kB
DirectMap4k:      250560 kB
DirectMap2M:     3876864 kB


CPU:total 2 (2 cores per cpu, 1 threads per core) family 6 model 23 stepping 6, cmov, cx8, fxsr, mmx, sse, sse2, sse3, ssse3, sse4.1, tsc

/proc/cpuinfo:
processor	: 0
vendor_id	: GenuineIntel
cpu family	: 6
model		: 23
model name	: Intel(R) Core(TM)2 Duo CPU     T8100  @ 2.10GHz
stepping	: 6
microcode	: 0x60f
cpu MHz		: 2101.000
cache size	: 3072 KB
physical id	: 0
siblings	: 2
core id		: 0
cpu cores	: 2
apicid		: 0
initial apicid	: 0
fpu		: yes
fpu_exception	: yes
cpuid level	: 10
wp		: yes
flags		: fpu vme de pse tsc msr pae mce cx8 apic sep mtrr pge mca cmov pat pse36 clflush dts acpi mmx fxsr sse sse2 ss ht tm pbe syscall nx lm constant_tsc arch_perfmon pebs bts rep_good nopl aperfmperf pni dtes64 monitor ds_cpl vmx est tm2 ssse3 cx16 xtpr pdcm sse4_1 lahf_lm ida dtherm tpr_shadow vnmi flexpriority
bogomips	: 4189.40
clflush size	: 64
cache_alignment	: 64
address sizes	: 36 bits physical, 48 bits virtual
power management:

processor	: 1
vendor_id	: GenuineIntel
cpu family	: 6
model		: 23
model name	: Intel(R) Core(TM)2 Duo CPU     T8100  @ 2.10GHz
stepping	: 6
microcode	: 0x60f
cpu MHz		: 2101.000
cache size	: 3072 KB
physical id	: 0
siblings	: 2
core id		: 1
cpu cores	: 2
apicid		: 1
initial apicid	: 1
fpu		: yes
fpu_exception	: yes
cpuid level	: 10
wp		: yes
flags		: fpu vme de pse tsc msr pae mce cx8 apic sep mtrr pge mca cmov pat pse36 clflush dts acpi mmx fxsr sse sse2 ss ht tm pbe syscall nx lm constant_tsc arch_perfmon pebs bts rep_good nopl aperfmperf pni dtes64 monitor ds_cpl vmx est tm2 ssse3 cx16 xtpr pdcm sse4_1 lahf_lm ida dtherm tpr_shadow vnmi flexpriority
bogomips	: 4189.40
clflush size	: 64
cache_alignment	: 64
address sizes	: 36 bits physical, 48 bits virtual
power management:



Memory: 4k page, physical 3981484k(407456k free), swap 4128764k(4128692k free)

vm_info: Java HotSpot(TM) Server VM (25.60-b23) for linux-x86 JRE (1.8.0_60-b27), built on Aug  4 2015 10:44:54 by "java_re" with gcc 4.3.0 20080428 (Red Hat 4.3.0-8)

time: Thu Sep 24 21:50:25 2015
elapsed time: 1135 seconds (0d 0h 18m 55s)

