#
# A fatal error has been detected by the Java Runtime Environment:
#
#  SIGSEGV (0xb) at pc=0xf6dbfd09, pid=11594, tid=2800081728
#
# JRE version: Java(TM) SE Runtime Environment (8.0_60-b27) (build 1.8.0_60-b27)
# Java VM: Java HotSpot(TM) Server VM (25.60-b23 mixed mode linux-x86 )
# Problematic frame:
# V  [libjvm.so+0x6e9d09]  Method::checked_resolve_jmethod_id(_jmethodID*)+0x29
#
# Failed to write core dump. Core dumps have been disabled. To enable core dumping, try "ulimit -c unlimited" before starting Java again
#
# If you would like to submit a bug report, please visit:
#   http://bugreport.java.com/bugreport/crash.jsp
#

---------------  T H R E A D  ---------------

Current thread (0xa6f3a800):  JavaThread "JDWP Transport Listener: dt_socket" daemon [_thread_in_vm, id=11616, stack(0xa6e0d000,0xa6e5e000)]

siginfo: si_signo: 11 (SIGSEGV), si_code: 1 (SEGV_MAPERR), si_addr: 0x00000009

Registers:
EAX=0x00000001, EBX=0xd29cdd28, ECX=0x00000000, EDX=0xf65028a8
ESP=0xa6e5cd50, EBP=0xa6e5cd68, ESI=0xa6e5cd8c, EDI=0xf655f6e8
EIP=0xf6dbfd09, EFLAGS=0x00010292, CR2=0x00000009

Top of Stack: (sp=0xa6e5cd50)
0xa6e5cd50:   d29cdd28 f70a622c 00000000 f70a622c
0xa6e5cd60:   a6e5cd8c f70a622c a6e5cda8 f6c79bac
0xa6e5cd70:   f655f6e8 a6f3a800 a6f3a800 a6f3a800
0xa6e5cd80:   098037c0 a6f3a800 00000063 a6f3a800
0xa6e5cd90:   00000000 00000000 00000000 f64ff170
0xa6e5cda0:   f64ffac0 a6e5ce0b a6e5cdc8 f64f0718
0xa6e5cdb0:   f65028a8 f655f6e8 a6e5ce0b f64ff170
0xa6e5cdc0:   f655f6e8 00000003 a6e5ce18 f64ce7ca 

Instructions: (pc=0xf6dbfd09)
0xf6dbfce9:   08 85 c0 75 0a 31 db 89 d8 8b 5d fc c9 c3 90 8b
0xf6dbfcf9:   18 85 db 74 f0 83 fb 37 74 eb 83 ec 0c 8b 03 53
0xf6dbfd09:   ff 50 08 83 c4 10 84 c0 75 dd eb d9 90 8d 76 00
0xf6dbfd19:   8d bc 27 00 00 00 00 55 89 e5 8b 45 08 8b 40 20 

Register to memory mapping:

EAX=0x00000001 is an unknown value
EBX=0xd29cdd28 is an oop
java.lang.Thread 
 - klass: 'java/lang/Thread'
ECX=0x00000000 is an unknown value
EDX=0xf65028a8 is an unknown value
ESP=0xa6e5cd50 is pointing into the stack for thread: 0xa6f3a800
EBP=0xa6e5cd68 is pointing into the stack for thread: 0xa6f3a800
ESI=0xa6e5cd8c is pointing into the stack for thread: 0xa6f3a800
EDI=0xf655f6e8 is a global jni handle


Stack: [0xa6e0d000,0xa6e5e000],  sp=0xa6e5cd50,  free space=319k
Native frames: (J=compiled Java code, j=interpreted, Vv=VM code, C=native code)
V  [libjvm.so+0x6e9d09]  Method::checked_resolve_jmethod_id(_jmethodID*)+0x29
V  [libjvm.so+0x5a3bac]  jvmti_IsMethodSynthetic+0x29c
C  [libjdwp.so+0x28718]  isMethodSynthetic+0x48
C  [libjdwp.so+0x67ca]  methods1+0x1ba
C  [libjdwp.so+0x128f3]  debugLoop_run+0x303
C  [libjdwp.so+0x274df]  connectionInitiated+0xbf
C  [libjdwp.so+0x27520]  attachThread+0x30
V  [libjvm.so+0x605e01]  JvmtiAgentThread::call_start_function()+0xc1
V  [libjvm.so+0x880ae9]  JavaThread::thread_main_inner()+0x109
V  [libjvm.so+0x880c6b]  JavaThread::run()+0x14b
V  [libjvm.so+0x753469]  java_start(Thread*)+0x119
C  [libpthread.so.0+0x6f70]  start_thread+0xd0
C  [libc.so.6+0xebbee]  clone+0x5e


---------------  P R O C E S S  ---------------

Java Threads: ( => current thread )
  0xa6f79000 JavaThread "Service Thread" daemon [_thread_blocked, id=11623, stack(0xa6c18000,0xa6c69000)]
  0xa6f41800 JavaThread "C1 CompilerThread1" daemon [_thread_blocked, id=11622, stack(0xa6c69000,0xa6cea000)]
  0xa6f3f800 JavaThread "C2 CompilerThread0" daemon [_thread_blocked, id=11620, stack(0xa6cea000,0xa6d6b000)]
  0x097fe000 JavaThread "JDWP Command Reader" daemon [_thread_in_native, id=11619, stack(0xa6d6b000,0xa6dbc000)]
  0xa6f3e000 JavaThread "JDWP Event Helper Thread" daemon [_thread_blocked, id=11618, stack(0xa6dbc000,0xa6e0d000)]
=>0xa6f3a800 JavaThread "JDWP Transport Listener: dt_socket" daemon [_thread_in_vm, id=11616, stack(0xa6e0d000,0xa6e5e000)]
  0xa6f32000 JavaThread "Signal Dispatcher" daemon [_thread_blocked, id=11614, stack(0xa6e5e000,0xa6eaf000)]
  0xa6f15800 JavaThread "Finalizer" daemon [_thread_blocked, id=11607, stack(0xa6eaf000,0xa6f00000)]
  0xa6f14000 JavaThread "Reference Handler" daemon [_thread_blocked, id=11606, stack(0xa704d000,0xa709e000)]
  0xf6509000 JavaThread "main" [_thread_blocked, id=11596, stack(0xf663f000,0xf6690000)]

Other Threads:
  0xa6f11000 VMThread [stack: 0xa9a24000,0xa9aa5000] [id=11605]
  0xa6f7b400 WatcherThread [stack: 0xa6b97000,0xa6c18000] [id=11624]

VM state:not at safepoint (normal execution)

VM Mutex/Monitor currently owned by a thread: None

Heap:
 PSYoungGen      total 18432K, used 1587K [0xd2980000, 0xd3e00000, 0xe6e00000)
  eden space 15872K, 10% used [0xd2980000,0xd2b0cf08,0xd3900000)
  from space 2560K, 0% used [0xd3b80000,0xd3b80000,0xd3e00000)
  to   space 2560K, 0% used [0xd3900000,0xd3900000,0xd3b80000)
 ParOldGen       total 42496K, used 0K [0xaa000000, 0xac980000, 0xd2980000)
  object space 42496K, 0% used [0xaa000000,0xaa000000,0xac980000)
 Metaspace       used 1824K, capacity 2240K, committed 2328K, reserved 4400K

Card table byte_map: [0xa9e18000,0xaa000000] byte_map_base: 0xa98c8000

Marking Bits: (ParMarkBitMap*) 0xf70d4380
 Begin Bits: [0xa7a90000, 0xa89c8000)
 End Bits:   [0xa89c8000, 0xa9900000)

Polling page: 0xf76dc000

CodeCache: size=245760Kb used=705Kb max_used=705Kb free=245054Kb
 bounds [0xe726d000, 0xe74ad000, 0xf626d000]
 total_blobs=186 nmethods=39 adapters=71
 compilation: enabled

Compilation events (10 events):
Event: 0.592 Thread 0xa6f41800   34       3       java.lang.String::<init> (82 bytes)
Event: 0.592 Thread 0xa6f41800 nmethod 34 0xe731a588 code [0xe731a720, 0xe731aab0]
Event: 0.593 Thread 0xa6f41800   35       1       java.net.URL::getAuthority (5 bytes)
Event: 0.594 Thread 0xa6f41800 nmethod 35 0xe731a388 code [0xe731a480, 0xe731a520]
Event: 9.590 Thread 0xa6f41800   36       3       sun.misc.FDBigInteger::mult (64 bytes)
Event: 9.590 Thread 0xa6f41800 nmethod 36 0xe7319bc8 code [0xe7319ce0, 0xe7319f60]
Event: 9.590 Thread 0xa6f41800   37       3       sun.misc.FDBigInteger::<init> (30 bytes)
Event: 9.591 Thread 0xa6f41800 nmethod 37 0xe731cb48 code [0xe731cc60, 0xe731cdcc]
Event: 9.591 Thread 0xa6f41800   38       3       sun.misc.FDBigInteger::trimLeadingZeros (57 bytes)
Event: 9.591 Thread 0xa6f41800 nmethod 38 0xe731cec8 code [0xe731cfe0, 0xe731d220]

GC Heap History (0 events):
No events

Deoptimization events (0 events):
No events

Internal exceptions (2 events):
Event: 0.144 Thread 0xf6509000 Exception <a 'java/lang/NoSuchMethodError': Method sun.misc.Unsafe.defineClass(Ljava/lang/String;[BII)Ljava/lang/Class; name or signature does not match> (0xd2990540) thrown at [/HUDSON3/workspace/8-2-build-linux-i586/jdk8u60/4407/hotspot/src/share/vm/pri
Event: 0.144 Thread 0xf6509000 Exception <a 'java/lang/NoSuchMethodError': Method sun.misc.Unsafe.prefetchRead(Ljava/lang/Object;J)V name or signature does not match> (0xd2990810) thrown at [/HUDSON3/workspace/8-2-build-linux-i586/jdk8u60/4407/hotspot/src/share/vm/prims/jni.cpp, line 3

Events (10 events):
Event: 241.985 Executing VM operation: ChangeBreakpoints
Event: 241.985 Executing VM operation: ChangeBreakpoints done
Event: 252.351 Executing VM operation: ChangeBreakpoints
Event: 252.351 Executing VM operation: ChangeBreakpoints done
Event: 254.537 Executing VM operation: ChangeBreakpoints
Event: 254.537 Executing VM operation: ChangeBreakpoints done
Event: 266.122 Executing VM operation: ChangeBreakpoints
Event: 266.122 Executing VM operation: ChangeBreakpoints done
Event: 266.125 Executing VM operation: RedefineClasses
Event: 266.125 Executing VM operation: RedefineClasses done


Dynamic libraries:
08048000-08049000 r-xp 00000000 fc:00 4072840                            /opt/java/jdk1.8.0_60/bin/java
08049000-0804a000 rw-p 00000000 fc:00 4072840                            /opt/java/jdk1.8.0_60/bin/java
097fc000-09845000 rw-p 00000000 00:00 0                                  [heap]
a6946000-a6b97000 rw-p 00000000 00:00 0 
a6b97000-a6b98000 ---p 00000000 00:00 0 
a6b98000-a6c18000 rw-p 00000000 00:00 0                                  [stack:11624]
a6c18000-a6c1b000 ---p 00000000 00:00 0 
a6c1b000-a6c69000 rw-p 00000000 00:00 0                                  [stack:11623]
a6c69000-a6c6c000 ---p 00000000 00:00 0 
a6c6c000-a6cea000 rw-p 00000000 00:00 0                                  [stack:11622]
a6cea000-a6ced000 ---p 00000000 00:00 0 
a6ced000-a6d6b000 rw-p 00000000 00:00 0                                  [stack:11620]
a6d6b000-a6d6e000 ---p 00000000 00:00 0 
a6d6e000-a6dbc000 rw-p 00000000 00:00 0                                  [stack:11619]
a6dbc000-a6dbf000 ---p 00000000 00:00 0 
a6dbf000-a6e0d000 rw-p 00000000 00:00 0                                  [stack:11618]
a6e0d000-a6e10000 ---p 00000000 00:00 0 
a6e10000-a6e5e000 rw-p 00000000 00:00 0                                  [stack:11616]
a6e5e000-a6e61000 ---p 00000000 00:00 0 
a6e61000-a6eaf000 rw-p 00000000 00:00 0                                  [stack:11614]
a6eaf000-a6eb2000 ---p 00000000 00:00 0 
a6eb2000-a6f00000 rw-p 00000000 00:00 0                                  [stack:11607]
a6f00000-a6fcb000 rw-p 00000000 00:00 0 
a6fcb000-a7000000 ---p 00000000 00:00 0 
a7032000-a704d000 r--s 001fc000 fc:00 4072669                            /opt/java/jdk1.8.0_60/jre/lib/deploy.jar
a704d000-a7050000 ---p 00000000 00:00 0 
a7050000-a709e000 rw-p 00000000 00:00 0                                  [stack:11606]
a709e000-a7276000 r--s 03d17000 fc:00 4072692                            /opt/java/jdk1.8.0_60/jre/lib/rt.jar
a7276000-a74bc000 rw-p 00000000 00:00 0 
a74bc000-a76c2000 ---p 00000000 00:00 0 
a76c2000-a9900000 rw-p 00000000 00:00 0 
a9900000-a9921000 rw-p 00000000 00:00 0 
a9921000-a9a00000 ---p 00000000 00:00 0 
a9a07000-a9a0b000 r--s 00095000 fc:00 4072561                            /opt/java/jdk1.8.0_60/jre/lib/jsse.jar
a9a0b000-a9a1e000 r--s 000d5000 fc:00 4072560                            /opt/java/jdk1.8.0_60/jre/lib/plugin.jar
a9a1e000-a9a24000 r--s 002f8000 fc:00 4072672                            /opt/java/jdk1.8.0_60/jre/lib/charsets.jar
a9a24000-a9a25000 ---p 00000000 00:00 0 
a9a25000-a9b00000 rw-p 00000000 00:00 0                                  [stack:11605]
a9b00000-a9b21000 rw-p 00000000 00:00 0 
a9b21000-a9c00000 ---p 00000000 00:00 0 
a9c00000-a9c03000 r--s 0001a000 fc:00 4072666                            /opt/java/jdk1.8.0_60/jre/lib/jce.jar
a9c03000-a9c52000 rw-p 00000000 00:00 0 
a9c52000-a9c53000 ---p 00000000 00:00 0 
a9c53000-a9ce8000 rw-p 00000000 00:00 0                                  [stack:11601]
a9ce8000-a9e18000 ---p 00000000 00:00 0 
a9e18000-a9e2d000 rw-p 00000000 00:00 0 
a9e2d000-a9f5c000 ---p 00000000 00:00 0 
a9f5c000-a9f67000 rw-p 00000000 00:00 0 
a9f67000-a9fff000 ---p 00000000 00:00 0 
a9fff000-ac980000 rw-p 00000000 00:00 0 
ac980000-d2980000 ---p 00000000 00:00 0 
d2980000-d3e00000 rw-p 00000000 00:00 0 
d3e00000-e6e00000 ---p 00000000 00:00 0 
e6e01000-e6e02000 rw-p 00000000 00:00 0 
e6e02000-e6e15000 r--s 00344000 fc:00 4072678                            /opt/java/jdk1.8.0_60/jre/lib/resources.jar
e6e15000-e6e2c000 rw-p 00000000 00:00 0 
e6e2c000-e6e2d000 ---p 00000000 00:00 0 
e6e2d000-e6eb6000 rw-p 00000000 00:00 0                                  [stack:11600]
e6eb6000-e726d000 ---p 00000000 00:00 0 
e726d000-e74ad000 rwxp 00000000 00:00 0 
e74ad000-f626d000 ---p 00000000 00:00 0 
f626d000-f6286000 r-xp 00000000 fc:00 4072767                            /opt/java/jdk1.8.0_60/jre/lib/i386/libzip.so
f6286000-f6287000 rw-p 00019000 fc:00 4072767                            /opt/java/jdk1.8.0_60/jre/lib/i386/libzip.so
f6287000-f6292000 r-xp 00000000 fc:00 4853719                            /lib/i386-linux-gnu/libnss_files-2.19.so
f6292000-f6293000 r--p 0000a000 fc:00 4853719                            /lib/i386-linux-gnu/libnss_files-2.19.so
f6293000-f6294000 rw-p 0000b000 fc:00 4853719                            /lib/i386-linux-gnu/libnss_files-2.19.so
f6294000-f62a9000 r-xp 00000000 fc:00 4853676                            /lib/i386-linux-gnu/libnsl-2.19.so
f62a9000-f62aa000 r--p 00015000 fc:00 4853676                            /lib/i386-linux-gnu/libnsl-2.19.so
f62aa000-f62ab000 rw-p 00016000 fc:00 4853676                            /lib/i386-linux-gnu/libnsl-2.19.so
f62ab000-f62af000 rw-p 00000000 00:00 0 
f62af000-f62b1000 r--s 00007000 fc:00 4072487                            /opt/java/jdk1.8.0_60/jre/lib/jfxswt.jar
f62b1000-f62bb000 r--s 0006b000 fc:00 4072689                            /opt/java/jdk1.8.0_60/jre/lib/javaws.jar
f62bb000-f62c0000 r--s 00083000 fc:00 4072664                            /opt/java/jdk1.8.0_60/jre/lib/jfr.jar
f62c0000-f62c8000 rw-s 00000000 fc:00 1974741                            /tmp/hsperfdata_anna/11594
f62c8000-f64c8000 r--p 00000000 fc:00 5380444                            /usr/lib/locale/locale-archive
f64c8000-f64ff000 r-xp 00000000 fc:00 4072768                            /opt/java/jdk1.8.0_60/jre/lib/i386/libjdwp.so
f64ff000-f6500000 rw-p 00037000 fc:00 4072768                            /opt/java/jdk1.8.0_60/jre/lib/i386/libjdwp.so
f6500000-f65fa000 rw-p 00000000 00:00 0 
f65fa000-f6600000 ---p 00000000 00:00 0 
f6600000-f6601000 r--s 00000000 fc:00 4072489                            /opt/java/jdk1.8.0_60/jre/lib/management-agent.jar
f6601000-f6604000 r-xp 00000000 fc:00 4072774                            /opt/java/jdk1.8.0_60/jre/lib/i386/libdt_socket.so
f6604000-f6605000 rw-p 00003000 fc:00 4072774                            /opt/java/jdk1.8.0_60/jre/lib/i386/libdt_socket.so
f6605000-f660f000 r-xp 00000000 fc:00 4853666                            /lib/i386-linux-gnu/libnss_nis-2.19.so
f660f000-f6610000 r--p 00009000 fc:00 4853666                            /lib/i386-linux-gnu/libnss_nis-2.19.so
f6610000-f6611000 rw-p 0000a000 fc:00 4853666                            /lib/i386-linux-gnu/libnss_nis-2.19.so
f6611000-f6635000 r-xp 00000000 fc:00 4072736                            /opt/java/jdk1.8.0_60/jre/lib/i386/libjava.so
f6635000-f6636000 rw-p 00023000 fc:00 4072736                            /opt/java/jdk1.8.0_60/jre/lib/i386/libjava.so
f6636000-f663d000 r-xp 00000000 fc:00 4853720                            /lib/i386-linux-gnu/librt-2.19.so
f663d000-f663e000 r--p 00006000 fc:00 4853720                            /lib/i386-linux-gnu/librt-2.19.so
f663e000-f663f000 rw-p 00007000 fc:00 4853720                            /lib/i386-linux-gnu/librt-2.19.so
f663f000-f6642000 ---p 00000000 00:00 0 
f6642000-f6690000 rw-p 00000000 00:00 0                                  [stack:11596]
f6690000-f66d4000 r-xp 00000000 fc:00 4853684                            /lib/i386-linux-gnu/libm-2.19.so
f66d4000-f66d5000 r--p 00043000 fc:00 4853684                            /lib/i386-linux-gnu/libm-2.19.so
f66d5000-f66d6000 rw-p 00044000 fc:00 4853684                            /lib/i386-linux-gnu/libm-2.19.so
f66d6000-f7056000 r-xp 00000000 fc:00 4072750                            /opt/java/jdk1.8.0_60/jre/lib/i386/server/libjvm.so
f7056000-f70c3000 rw-p 00980000 fc:00 4072750                            /opt/java/jdk1.8.0_60/jre/lib/i386/server/libjvm.so
f70c3000-f74e9000 rw-p 00000000 00:00 0 
f74e9000-f7691000 r-xp 00000000 fc:00 4849721                            /lib/i386-linux-gnu/libc-2.19.so
f7691000-f7693000 r--p 001a8000 fc:00 4849721                            /lib/i386-linux-gnu/libc-2.19.so
f7693000-f7694000 rw-p 001aa000 fc:00 4849721                            /lib/i386-linux-gnu/libc-2.19.so
f7694000-f7697000 rw-p 00000000 00:00 0 
f7697000-f769a000 r-xp 00000000 fc:00 4853663                            /lib/i386-linux-gnu/libdl-2.19.so
f769a000-f769b000 r--p 00002000 fc:00 4853663                            /lib/i386-linux-gnu/libdl-2.19.so
f769b000-f769c000 rw-p 00003000 fc:00 4853663                            /lib/i386-linux-gnu/libdl-2.19.so
f769c000-f76b0000 r-xp 00000000 fc:00 4072326                            /opt/java/jdk1.8.0_60/lib/i386/jli/libjli.so
f76b0000-f76b1000 rw-p 00014000 fc:00 4072326                            /opt/java/jdk1.8.0_60/lib/i386/jli/libjli.so
f76b1000-f76b2000 rw-p 00000000 00:00 0 
f76b2000-f76ca000 r-xp 00000000 fc:00 4853705                            /lib/i386-linux-gnu/libpthread-2.19.so
f76ca000-f76cb000 r--p 00018000 fc:00 4853705                            /lib/i386-linux-gnu/libpthread-2.19.so
f76cb000-f76cc000 rw-p 00019000 fc:00 4853705                            /lib/i386-linux-gnu/libpthread-2.19.so
f76cc000-f76ce000 rw-p 00000000 00:00 0 
f76ce000-f76d5000 r-xp 00000000 fc:00 4853696                            /lib/i386-linux-gnu/libnss_compat-2.19.so
f76d5000-f76d6000 r--p 00006000 fc:00 4853696                            /lib/i386-linux-gnu/libnss_compat-2.19.so
f76d6000-f76d7000 rw-p 00007000 fc:00 4853696                            /lib/i386-linux-gnu/libnss_compat-2.19.so
f76d7000-f76d8000 r--p 002c5000 fc:00 5380444                            /usr/lib/locale/locale-archive
f76d8000-f76da000 r-xp 00000000 fc:00 4072740                            /opt/java/jdk1.8.0_60/jre/lib/i386/libnpt.so
f76da000-f76db000 rw-p 00001000 fc:00 4072740                            /opt/java/jdk1.8.0_60/jre/lib/i386/libnpt.so
f76db000-f76dc000 rw-p 00000000 00:00 0 
f76dc000-f76dd000 r--p 00000000 00:00 0 
f76dd000-f76e8000 r-xp 00000000 fc:00 4072804                            /opt/java/jdk1.8.0_60/jre/lib/i386/libverify.so
f76e8000-f76e9000 rw-p 0000b000 fc:00 4072804                            /opt/java/jdk1.8.0_60/jre/lib/i386/libverify.so
f76e9000-f76eb000 rw-p 00000000 00:00 0 
f76eb000-f76ec000 r-xp 00000000 00:00 0                                  [vdso]
f76ec000-f770c000 r-xp 00000000 fc:00 4853664                            /lib/i386-linux-gnu/ld-2.19.so
f770c000-f770d000 r--p 0001f000 fc:00 4853664                            /lib/i386-linux-gnu/ld-2.19.so
f770d000-f770e000 rw-p 00020000 fc:00 4853664                            /lib/i386-linux-gnu/ld-2.19.so
ffb6c000-ffb6d000 rwxp 00000000 00:00 0 
ffb9f000-ffbc0000 rw-p 00000000 00:00 0                                  [stack]

VM Arguments:
jvm_args: -agentlib:jdwp=transport=dt_socket,address=127.0.0.1:49876,suspend=y,server=n -Dfile.encoding=UTF-8 
java_command: com.amdudda.Lakes
java_class_path (initial): /opt/java/jdk1.8.0_60/jre/lib/jfr.jar:/opt/java/jdk1.8.0_60/jre/lib/javaws.jar:/opt/java/jdk1.8.0_60/jre/lib/jfxswt.jar:/opt/java/jdk1.8.0_60/jre/lib/resources.jar:/opt/java/jdk1.8.0_60/jre/lib/charsets.jar:/opt/java/jdk1.8.0_60/jre/lib/plugin.jar:/opt/java/jdk1.8.0_60/jre/lib/deploy.jar:/opt/java/jdk1.8.0_60/jre/lib/jsse.jar:/opt/java/jdk1.8.0_60/jre/lib/rt.jar:/opt/java/jdk1.8.0_60/jre/lib/management-agent.jar:/opt/java/jdk1.8.0_60/jre/lib/jce.jar:/opt/java/jdk1.8.0_60/jre/lib/ext/localedata.jar:/opt/java/jdk1.8.0_60/jre/lib/ext/nashorn.jar:/opt/java/jdk1.8.0_60/jre/lib/ext/sunpkcs11.jar:/opt/java/jdk1.8.0_60/jre/lib/ext/zipfs.jar:/opt/java/jdk1.8.0_60/jre/lib/ext/jaccess.jar:/opt/java/jdk1.8.0_60/jre/lib/ext/dnsns.jar:/opt/java/jdk1.8.0_60/jre/lib/ext/cldrdata.jar:/opt/java/jdk1.8.0_60/jre/lib/ext/jfxrt.jar:/opt/java/jdk1.8.0_60/jre/lib/ext/sunec.jar:/opt/java/jdk1.8.0_60/jre/lib/ext/sunjce_provider.jar:/media/anna/Lexar USB/MCTC/ITEC 2545.01 Java/Assignment 4/lakes/out/production/lakes:/opt/IntelliJ/lib/idea_rt.jar
Launcher Type: SUN_STANDARD

Environment Variables:
JAVA_HOME=/usr/lib/jvm/java-8-oracle
PATH=/usr/local/sbin:/usr/local/bin:/usr/sbin:/usr/bin:/sbin:/bin:/usr/games:/usr/local/games:/opt/idea-IU-141.1532.4/bin:/usr/lib/jvm/java-8-oracle/bin:/usr/lib/jvm/java-8-oracle/db/bin:/usr/lib/jvm/java-8-oracle/jre/bin
USERNAME=anna
LD_LIBRARY_PATH=/opt/IntelliJ/bin:
SHELL=/bin/bash
DISPLAY=:0.0

Signal Handlers:
SIGSEGV: [libjvm.so+0x8cdb80], sa_mask[0]=11111111011111111101111111111110, sa_flags=SA_RESTART|SA_SIGINFO
SIGBUS: [libjvm.so+0x8cdb80], sa_mask[0]=11111111011111111101111111111110, sa_flags=SA_RESTART|SA_SIGINFO
SIGFPE: [libjvm.so+0x74db00], sa_mask[0]=11111111011111111101111111111110, sa_flags=SA_RESTART|SA_SIGINFO
SIGPIPE: [libjvm.so+0x74db00], sa_mask[0]=11111111011111111101111111111110, sa_flags=SA_RESTART|SA_SIGINFO
SIGXFSZ: [libjvm.so+0x74db00], sa_mask[0]=11111111011111111101111111111110, sa_flags=SA_RESTART|SA_SIGINFO
SIGILL: [libjvm.so+0x74db00], sa_mask[0]=11111111011111111101111111111110, sa_flags=SA_RESTART|SA_SIGINFO
SIGUSR1: SIG_DFL, sa_mask[0]=00000000000000000000000000000000, sa_flags=none
SIGUSR2: [libjvm.so+0x74f180], sa_mask[0]=00100000000000000000000000000000, sa_flags=SA_RESTART|SA_SIGINFO
SIGHUP: [libjvm.so+0x750630], sa_mask[0]=11111111011111111101111111111110, sa_flags=SA_RESTART|SA_SIGINFO
SIGINT: [libjvm.so+0x750630], sa_mask[0]=11111111011111111101111111111110, sa_flags=SA_RESTART|SA_SIGINFO
SIGTERM: [libjvm.so+0x750630], sa_mask[0]=11111111011111111101111111111110, sa_flags=SA_RESTART|SA_SIGINFO
SIGQUIT: [libjvm.so+0x750630], sa_mask[0]=11111111011111111101111111111110, sa_flags=SA_RESTART|SA_SIGINFO


---------------  S Y S T E M  ---------------

OS:DISTRIB_ID=LinuxMint
DISTRIB_RELEASE=17
DISTRIB_CODENAME=qiana
DISTRIB_DESCRIPTION="Linux Mint 17 Qiana"

uname:Linux 3.13.0-24-generic #47-Ubuntu SMP Fri May 2 23:30:00 UTC 2014 x86_64
libc:glibc 2.19 NPTL 2.19 
rlimit: STACK 8192k, CORE 0k, NPROC 30862, NOFILE 4096, AS infinity
load average:1.05 1.05 1.01

/proc/meminfo:
MemTotal:        3981484 kB
MemFree:          404248 kB
Buffers:          159456 kB
Cached:          1711396 kB
SwapCached:            0 kB
Active:          2127392 kB
Inactive:        1175332 kB
Active(anon):    1230776 kB
Inactive(anon):   219904 kB
Active(file):     896616 kB
Inactive(file):   955428 kB
Unevictable:           0 kB
Mlocked:               0 kB
SwapTotal:       4128764 kB
SwapFree:        4128692 kB
Dirty:              4216 kB
Writeback:             0 kB
AnonPages:       1432004 kB
Mapped:           169912 kB
Shmem:             18740 kB
Slab:             162712 kB
SReclaimable:     132608 kB
SUnreclaim:        30104 kB
KernelStack:        3720 kB
PageTables:        20156 kB
NFS_Unstable:          0 kB
Bounce:                0 kB
WritebackTmp:          0 kB
CommitLimit:     6119504 kB
Committed_AS:    3219732 kB
VmallocTotal:   34359738367 kB
VmallocUsed:      136004 kB
VmallocChunk:   34359568788 kB
HardwareCorrupted:     0 kB
AnonHugePages:    370688 kB
HugePages_Total:       0
HugePages_Free:        0
HugePages_Rsvd:        0
HugePages_Surp:        0
Hugepagesize:       2048 kB
DirectMap4k:      250560 kB
DirectMap2M:     3876864 kB


CPU:total 2 (2 cores per cpu, 1 threads per core) family 6 model 23 stepping 6, cmov, cx8, fxsr, mmx, sse, sse2, sse3, ssse3, sse4.1, tsc

/proc/cpuinfo:
processor	: 0
vendor_id	: GenuineIntel
cpu family	: 6
model		: 23
model name	: Intel(R) Core(TM)2 Duo CPU     T8100  @ 2.10GHz
stepping	: 6
microcode	: 0x60f
cpu MHz		: 2101.000
cache size	: 3072 KB
physical id	: 0
siblings	: 2
core id		: 0
cpu cores	: 2
apicid		: 0
initial apicid	: 0
fpu		: yes
fpu_exception	: yes
cpuid level	: 10
wp		: yes
flags		: fpu vme de pse tsc msr pae mce cx8 apic sep mtrr pge mca cmov pat pse36 clflush dts acpi mmx fxsr sse sse2 ss ht tm pbe syscall nx lm constant_tsc arch_perfmon pebs bts rep_good nopl aperfmperf pni dtes64 monitor ds_cpl vmx est tm2 ssse3 cx16 xtpr pdcm sse4_1 lahf_lm ida dtherm tpr_shadow vnmi flexpriority
bogomips	: 4189.40
clflush size	: 64
cache_alignment	: 64
address sizes	: 36 bits physical, 48 bits virtual
power management:

processor	: 1
vendor_id	: GenuineIntel
cpu family	: 6
model		: 23
model name	: Intel(R) Core(TM)2 Duo CPU     T8100  @ 2.10GHz
stepping	: 6
microcode	: 0x60f
cpu MHz		: 2100.000
cache size	: 3072 KB
physical id	: 0
siblings	: 2
core id		: 1
cpu cores	: 2
apicid		: 1
initial apicid	: 1
fpu		: yes
fpu_exception	: yes
cpuid level	: 10
wp		: yes
flags		: fpu vme de pse tsc msr pae mce cx8 apic sep mtrr pge mca cmov pat pse36 clflush dts acpi mmx fxsr sse sse2 ss ht tm pbe syscall nx lm constant_tsc arch_perfmon pebs bts rep_good nopl aperfmperf pni dtes64 monitor ds_cpl vmx est tm2 ssse3 cx16 xtpr pdcm sse4_1 lahf_lm ida dtherm tpr_shadow vnmi flexpriority
bogomips	: 4189.40
clflush size	: 64
cache_alignment	: 64
address sizes	: 36 bits physical, 48 bits virtual
power management:



Memory: 4k page, physical 3981484k(404248k free), swap 4128764k(4128692k free)

vm_info: Java HotSpot(TM) Server VM (25.60-b23) for linux-x86 JRE (1.8.0_60-b27), built on Aug  4 2015 10:44:54 by "java_re" with gcc 4.3.0 20080428 (Red Hat 4.3.0-8)

time: Thu Sep 24 21:36:21 2015
elapsed time: 266 seconds (0d 0h 4m 26s)

